<component name="libraryTable">
  <library name="junit-platform-commons-1.11.0">
    <CLASSES>
      <root url="jar://$PROJECT_DIR$/src/com/lib/junit-platform-commons-1.11.0.jar!/" />
      <root url="jar://$PROJECT_DIR$/src/com/lib/junit-jupiter-api-5.11.0.jar!/" />
    </CLASSES>
    <JAVADOC />
    <SOURCES />
  </library>
</component>